<?xml version="1.0" encoding="UTF-8"?>
<testsuite xmlns:xsi="http://www.w3.org/2001/XMLSchema-instance" xsi:noNamespaceSchemaLocation="https://maven.apache.org/surefire/maven-surefire-plugin/xsd/surefire-test-report.xsd" version="3.0.1" name="tests.Pruebas" time="32.416" tests="11" errors="0" skipped="0" failures="0">
  <properties>
[...]
</properties>
  <testcase name="testLoginDesktop" classname="tests.Pruebas" time="4.613"/>
  <testcase name="testComprobarEmail" classname="tests.Pruebas" time="5.863"/>
  <testcase name="testBuscarCabina" classname="tests.Pruebas" time="8.701"/>
  <testcase name="testBuscarReserva" classname="tests.Pruebas" time="3.531"/>
  <testcase name="testaddLocal" classname="tests.Pruebas" time="2.881"/>
  <testcase name="testaddCliente" classname="tests.Pruebas" time="1.16"/>
  <testcase name="testaddReserva" classname="tests.Pruebas" time="1.159"/>
  <testcase name="testBuscarLocal" classname="tests.Pruebas" time="1.624"/>
  <testcase name="testeliminarCliente" classname="tests.Pruebas" time="1.017"/>
  <testcase name="testbuscarReservasCliente" classname="tests.Pruebas" time="0.902"/>
  <testcase name="testLoginMovil" classname="tests.Pruebas" time="0.935"/>
</testsuite>